Test: [1/4]	Time 11.821 (11.821)	Loss 2.3360e+00 (2.3360e+00)	Acc@1   0.00 (  0.00)	Acc@5   4.69 (  4.69)
 *   Acc@1 0.000 Acc@5 4.222
Test: [1/4]	Time  5.926 ( 5.926)	Loss 2.1618e+00 (2.1618e+00)	Acc@1  48.44 ( 48.44)	Acc@5  74.22 ( 74.22)
 *   Acc@1 52.889 Acc@5 76.444
Epoch: [0][ 1/40]	Time  6.509 ( 6.509)	Data  6.174 ( 6.174)	Loss 2.2782e+00 (2.2782e+00)	Acc@1  17.19 ( 17.19)	Acc@5  33.59 ( 33.59)
Epoch: [0][11/40]	Time  0.109 ( 1.621)	Data  0.000 ( 1.490)	Loss 6.6936e-01 (1.1448e+00)	Acc@1  98.44 ( 83.03)	Acc@5 100.00 ( 87.93)
Epoch: [0][21/40]	Time  4.698 ( 1.497)	Data  4.589 ( 1.377)	Loss 8.6490e-01 (9.8832e-01)	Acc@1  97.66 ( 89.77)	Acc@5 100.00 ( 93.27)
Epoch: [0][31/40]	Time  0.109 ( 1.311)	Data  0.000 ( 1.194)	Loss 7.5742e-01 (9.2968e-01)	Acc@1  98.44 ( 92.36)	Acc@5 100.00 ( 95.36)
Test: [1/4]	Time  2.227 ( 2.227)	Loss 2.4366e+00 (2.4366e+00)	Acc@1  24.22 ( 24.22)	Acc@5  79.69 ( 79.69)
 *   Acc@1 24.667 Acc@5 78.444
Test: [1/4]	Time  1.992 ( 1.992)	Loss 1.9627e+00 (1.9627e+00)	Acc@1  32.81 ( 32.81)	Acc@5  85.16 ( 85.16)
 *   Acc@1 31.333 Acc@5 77.778
Epoch: [1][ 1/40]	Time  1.289 ( 1.289)	Data  1.179 ( 1.179)	Loss 6.1084e-01 (6.1084e-01)	Acc@1 100.00 (100.00)	Acc@5 100.00 (100.00)
Epoch: [1][11/40]	Time  0.109 ( 0.349)	Data  0.000 ( 0.239)	Loss 6.2362e-01 (6.1506e-01)	Acc@1  99.22 ( 98.79)	Acc@5 100.00 ( 99.93)
Epoch: [1][21/40]	Time  0.604 ( 0.339)	Data  0.495 ( 0.229)	Loss 5.9224e-01 (6.0493e-01)	Acc@1  98.44 ( 98.85)	Acc@5 100.00 ( 99.89)
Epoch: [1][31/40]	Time  0.109 ( 0.338)	Data  0.000 ( 0.228)	Loss 5.9446e-01 (6.0071e-01)	Acc@1  98.44 ( 98.79)	Acc@5 100.00 ( 99.85)
Test: [1/4]	Time  2.219 ( 2.219)	Loss 1.6606e+00 (1.6606e+00)	Acc@1  44.53 ( 44.53)	Acc@5  86.72 ( 86.72)
 *   Acc@1 45.333 Acc@5 86.222
Test: [1/4]	Time  2.023 ( 2.023)	Loss 2.4914e+00 (2.4914e+00)	Acc@1  17.19 ( 17.19)	Acc@5  75.78 ( 75.78)
 *   Acc@1 18.889 Acc@5 66.667
Epoch: [2][ 1/40]	Time  1.616 ( 1.616)	Data  1.505 ( 1.505)	Loss 5.7441e-01 (5.7441e-01)	Acc@1 100.00 (100.00)	Acc@5 100.00 (100.00)
Epoch: [2][11/40]	Time  0.110 ( 0.384)	Data  0.000 ( 0.275)	Loss 5.8965e-01 (5.7953e-01)	Acc@1  97.66 ( 99.08)	Acc@5 100.00 ( 99.93)
Epoch: [2][21/40]	Time  1.001 ( 0.381)	Data  0.883 ( 0.270)	Loss 5.7472e-01 (5.7480e-01)	Acc@1  99.22 ( 99.33)	Acc@5 100.00 ( 99.96)
Epoch: [2][31/40]	Time  0.109 ( 0.355)	Data  0.000 ( 0.244)	Loss 5.8931e-01 (5.7427e-01)	Acc@1  99.22 ( 99.40)	Acc@5 100.00 ( 99.95)
Test: [1/4]	Time  2.221 ( 2.221)	Loss 2.2464e+00 (2.2464e+00)	Acc@1  25.78 ( 25.78)	Acc@5  71.88 ( 71.88)
 *   Acc@1 24.889 Acc@5 70.667
Test: [1/4]	Time  2.162 ( 2.162)	Loss 1.9643e+00 (1.9643e+00)	Acc@1  37.50 ( 37.50)	Acc@5  76.56 ( 76.56)
 *   Acc@1 34.667 Acc@5 72.889
Epoch: [3][ 1/40]	Time  1.547 ( 1.547)	Data  1.437 ( 1.437)	Loss 5.7865e-01 (5.7865e-01)	Acc@1  99.22 ( 99.22)	Acc@5 100.00 (100.00)
Epoch: [3][11/40]	Time  0.109 ( 0.414)	Data  0.000 ( 0.305)	Loss 5.5147e-01 (5.6436e-01)	Acc@1 100.00 ( 99.64)	Acc@5 100.00 (100.00)
Epoch: [3][21/40]	Time  0.946 ( 0.397)	Data  0.837 ( 0.287)	Loss 5.4630e-01 (5.6279e-01)	Acc@1 100.00 ( 99.70)	Acc@5 100.00 (100.00)
Epoch: [3][31/40]	Time  0.109 ( 0.362)	Data  0.000 ( 0.252)	Loss 5.5513e-01 (5.6323e-01)	Acc@1  99.22 ( 99.60)	Acc@5 100.00 (100.00)
Test: [1/4]	Time  2.115 ( 2.115)	Loss 2.1792e+00 (2.1792e+00)	Acc@1  27.34 ( 27.34)	Acc@5  77.34 ( 77.34)
 *   Acc@1 28.000 Acc@5 74.889
Test: [1/4]	Time  2.178 ( 2.178)	Loss 2.2184e+00 (2.2184e+00)	Acc@1  28.12 ( 28.12)	Acc@5  74.22 ( 74.22)
 *   Acc@1 26.889 Acc@5 69.111
Epoch: [4][ 1/40]	Time  1.379 ( 1.379)	Data  1.269 ( 1.269)	Loss 5.5800e-01 (5.5800e-01)	Acc@1 100.00 (100.00)	Acc@5 100.00 (100.00)
Epoch: [4][11/40]	Time  0.440 ( 0.383)	Data  0.331 ( 0.272)	Loss 5.6035e-01 (5.7678e-01)	Acc@1 100.00 ( 99.29)	Acc@5 100.00 ( 99.93)
Epoch: [4][21/40]	Time  0.109 ( 0.370)	Data  0.000 ( 0.260)	Loss 5.5650e-01 (5.7252e-01)	Acc@1  99.22 ( 99.37)	Acc@5 100.00 ( 99.96)
Epoch: [4][31/40]	Time  0.910 ( 0.349)	Data  0.801 ( 0.240)	Loss 5.4285e-01 (5.6689e-01)	Acc@1 100.00 ( 99.55)	Acc@5 100.00 ( 99.97)
Test: [1/4]	Time  2.322 ( 2.322)	Loss 2.1623e+00 (2.1623e+00)	Acc@1  28.12 ( 28.12)	Acc@5  76.56 ( 76.56)
 *   Acc@1 28.000 Acc@5 76.889
Test: [1/4]	Time  1.843 ( 1.843)	Loss 2.2807e+00 (2.2807e+00)	Acc@1  28.91 ( 28.91)	Acc@5  75.00 ( 75.00)
 *   Acc@1 27.556 Acc@5 68.444
Epoch: [5][ 1/40]	Time  1.416 ( 1.416)	Data  1.306 ( 1.306)	Loss 5.4780e-01 (5.4780e-01)	Acc@1 100.00 (100.00)	Acc@5 100.00 (100.00)
Epoch: [5][11/40]	Time  0.109 ( 0.364)	Data  0.000 ( 0.254)	Loss 5.6304e-01 (5.6313e-01)	Acc@1 100.00 ( 99.64)	Acc@5 100.00 (100.00)
Epoch: [5][21/40]	Time  0.926 ( 0.360)	Data  0.814 ( 0.249)	Loss 5.4863e-01 (5.6123e-01)	Acc@1 100.00 ( 99.67)	Acc@5 100.00 (100.00)
Epoch: [5][31/40]	Time  0.109 ( 0.334)	Data  0.000 ( 0.224)	Loss 5.4242e-01 (5.5886e-01)	Acc@1 100.00 ( 99.75)	Acc@5 100.00 (100.00)
Test: [1/4]	Time  2.195 ( 2.195)	Loss 2.1148e+00 (2.1148e+00)	Acc@1  28.91 ( 28.91)	Acc@5  75.00 ( 75.00)
 *   Acc@1 30.000 Acc@5 76.000
Test: [1/4]	Time  2.008 ( 2.008)	Loss 2.3229e+00 (2.3229e+00)	Acc@1  28.91 ( 28.91)	Acc@5  67.97 ( 67.97)
 *   Acc@1 27.111 Acc@5 64.222
Epoch: [6][ 1/40]	Time  1.439 ( 1.439)	Data  1.329 ( 1.329)	Loss 5.4428e-01 (5.4428e-01)	Acc@1 100.00 (100.00)	Acc@5 100.00 (100.00)
Epoch: [6][11/40]	Time  0.233 ( 0.368)	Data  0.124 ( 0.257)	Loss 5.3707e-01 (5.4632e-01)	Acc@1 100.00 (100.00)	Acc@5 100.00 (100.00)
Epoch: [6][21/40]	Time  0.871 ( 0.360)	Data  0.761 ( 0.250)	Loss 5.5668e-01 (5.4589e-01)	Acc@1 100.00 (100.00)	Acc@5 100.00 (100.00)
Epoch: [6][31/40]	Time  0.109 ( 0.341)	Data  0.000 ( 0.231)	Loss 5.5308e-01 (5.4574e-01)	Acc@1 100.00 ( 99.97)	Acc@5 100.00 (100.00)
Test: [1/4]	Time  2.075 ( 2.075)	Loss 2.1014e+00 (2.1014e+00)	Acc@1  31.25 ( 31.25)	Acc@5  75.78 ( 75.78)
 *   Acc@1 31.111 Acc@5 76.667
Test: [1/4]	Time  2.195 ( 2.195)	Loss 2.3095e+00 (2.3095e+00)	Acc@1  25.78 ( 25.78)	Acc@5  71.09 ( 71.09)
 *   Acc@1 25.778 Acc@5 67.111
Epoch: [7][ 1/40]	Time  1.348 ( 1.348)	Data  1.238 ( 1.238)	Loss 5.4239e-01 (5.4239e-01)	Acc@1 100.00 (100.00)	Acc@5 100.00 (100.00)
Epoch: [7][11/40]	Time  0.109 ( 0.383)	Data  0.000 ( 0.272)	Loss 5.5472e-01 (5.5482e-01)	Acc@1  99.22 ( 99.79)	Acc@5 100.00 (100.00)
Epoch: [7][21/40]	Time  0.740 ( 0.372)	Data  0.625 ( 0.261)	Loss 5.5214e-01 (5.5359e-01)	Acc@1 100.00 ( 99.89)	Acc@5 100.00 (100.00)
Epoch: [7][31/40]	Time  0.111 ( 0.345)	Data  0.000 ( 0.235)	Loss 5.3687e-01 (5.5175e-01)	Acc@1 100.00 ( 99.90)	Acc@5 100.00 (100.00)
Test: [1/4]	Time  2.174 ( 2.174)	Loss 1.9480e+00 (1.9480e+00)	Acc@1  35.94 ( 35.94)	Acc@5  82.03 ( 82.03)
 *   Acc@1 36.000 Acc@5 82.444
Test: [1/4]	Time  2.094 ( 2.094)	Loss 2.4148e+00 (2.4148e+00)	Acc@1  23.44 ( 23.44)	Acc@5  71.88 ( 71.88)
 *   Acc@1 22.889 Acc@5 67.778
Epoch: [8][ 1/40]	Time  1.336 ( 1.336)	Data  1.213 ( 1.213)	Loss 5.5427e-01 (5.5427e-01)	Acc@1  98.44 ( 98.44)	Acc@5 100.00 (100.00)
Epoch: [8][11/40]	Time  0.110 ( 0.394)	Data  0.000 ( 0.284)	Loss 5.4700e-01 (5.4962e-01)	Acc@1 100.00 ( 99.79)	Acc@5 100.00 (100.00)
Epoch: [8][21/40]	Time  0.732 ( 0.359)	Data  0.605 ( 0.247)	Loss 5.3936e-01 (5.4632e-01)	Acc@1 100.00 ( 99.89)	Acc@5 100.00 (100.00)
Epoch: [8][31/40]	Time  0.109 ( 0.343)	Data  0.000 ( 0.232)	Loss 5.4240e-01 (5.4595e-01)	Acc@1 100.00 ( 99.92)	Acc@5 100.00 (100.00)
Test: [1/4]	Time  2.143 ( 2.143)	Loss 1.9658e+00 (1.9658e+00)	Acc@1  35.94 ( 35.94)	Acc@5  78.91 ( 78.91)
 *   Acc@1 36.667 Acc@5 81.111
Test: [1/4]	Time  1.879 ( 1.879)	Loss 2.4870e+00 (2.4870e+00)	Acc@1  23.44 ( 23.44)	Acc@5  70.31 ( 70.31)
 *   Acc@1 22.889 Acc@5 65.778
Epoch: [9][ 1/40]	Time  1.409 ( 1.409)	Data  1.299 ( 1.299)	Loss 5.4033e-01 (5.4033e-01)	Acc@1 100.00 (100.00)	Acc@5 100.00 (100.00)
Epoch: [9][11/40]	Time  0.109 ( 0.378)	Data  0.000 ( 0.268)	Loss 5.3354e-01 (5.3865e-01)	Acc@1 100.00 (100.00)	Acc@5 100.00 (100.00)
Epoch: [9][21/40]	Time  0.822 ( 0.375)	Data  0.713 ( 0.265)	Loss 5.3094e-01 (5.3753e-01)	Acc@1 100.00 (100.00)	Acc@5 100.00 (100.00)
Epoch: [9][31/40]	Time  0.111 ( 0.348)	Data  0.003 ( 0.238)	Loss 5.3639e-01 (5.3810e-01)	Acc@1 100.00 (100.00)	Acc@5 100.00 (100.00)
Test: [1/4]	Time  2.192 ( 2.192)	Loss 2.3974e+00 (2.3974e+00)	Acc@1  23.44 ( 23.44)	Acc@5  69.53 ( 69.53)
 *   Acc@1 24.222 Acc@5 68.667
Test: [1/4]	Time  1.991 ( 1.991)	Loss 2.1451e+00 (2.1451e+00)	Acc@1  33.59 ( 33.59)	Acc@5  73.44 ( 73.44)
 *   Acc@1 31.111 Acc@5 69.556
Epoch: [10][ 1/40]	Time  1.324 ( 1.324)	Data  1.215 ( 1.215)	Loss 5.4940e-01 (5.4940e-01)	Acc@1 100.00 (100.00)	Acc@5 100.00 (100.00)
Epoch: [10][11/40]	Time  0.109 ( 0.356)	Data  0.000 ( 0.247)	Loss 5.4977e-01 (5.5972e-01)	Acc@1  99.22 ( 99.57)	Acc@5 100.00 (100.00)
Epoch: [10][21/40]	Time  0.994 ( 0.344)	Data  0.884 ( 0.235)	Loss 5.3674e-01 (5.5552e-01)	Acc@1 100.00 ( 99.78)	Acc@5 100.00 (100.00)
Epoch: [10][31/40]	Time  0.110 ( 0.321)	Data  0.000 ( 0.211)	Loss 5.3550e-01 (5.5164e-01)	Acc@1 100.00 ( 99.77)	Acc@5 100.00 (100.00)
Test: [1/4]	Time  2.069 ( 2.069)	Loss 1.8694e+00 (1.8694e+00)	Acc@1  36.72 ( 36.72)	Acc@5  82.81 ( 82.81)
 *   Acc@1 37.556 Acc@5 83.556
Test: [1/4]	Time  2.093 ( 2.093)	Loss 2.5590e+00 (2.5590e+00)	Acc@1  21.09 ( 21.09)	Acc@5  71.09 ( 71.09)
 *   Acc@1 20.222 Acc@5 65.333
Epoch: [11][ 1/40]	Time  1.232 ( 1.232)	Data  1.115 ( 1.115)	Loss 5.3507e-01 (5.3507e-01)	Acc@1 100.00 (100.00)	Acc@5 100.00 (100.00)
Epoch: [11][11/40]	Time  0.110 ( 0.378)	Data  0.001 ( 0.267)	Loss 5.3047e-01 (5.3925e-01)	Acc@1 100.00 (100.00)	Acc@5 100.00 (100.00)
Epoch: [11][21/40]	Time  0.789 ( 0.367)	Data  0.680 ( 0.257)	Loss 5.3875e-01 (5.3762e-01)	Acc@1 100.00 ( 99.96)	Acc@5 100.00 (100.00)
Epoch: [11][31/40]	Time  0.109 ( 0.350)	Data  0.000 ( 0.241)	Loss 5.3091e-01 (5.3694e-01)	Acc@1 100.00 ( 99.95)	Acc@5 100.00 (100.00)
Test: [1/4]	Time  2.131 ( 2.131)	Loss 2.0865e+00 (2.0865e+00)	Acc@1  30.47 ( 30.47)	Acc@5  78.12 ( 78.12)
 *   Acc@1 30.889 Acc@5 79.778
Test: [1/4]	Time  1.627 ( 1.627)	Loss 2.2795e+00 (2.2795e+00)	Acc@1  29.69 ( 29.69)	Acc@5  72.66 ( 72.66)
 *   Acc@1 28.000 Acc@5 68.889
Epoch: [12][ 1/40]	Time  1.138 ( 1.138)	Data  1.027 ( 1.027)	Loss 5.3244e-01 (5.3244e-01)	Acc@1 100.00 (100.00)	Acc@5 100.00 (100.00)
Epoch: [12][11/40]	Time  0.109 ( 0.326)	Data  0.000 ( 0.216)	Loss 5.4157e-01 (5.4214e-01)	Acc@1 100.00 ( 99.93)	Acc@5 100.00 (100.00)
Epoch: [12][21/40]	Time  0.768 ( 0.318)	Data  0.659 ( 0.209)	Loss 5.3794e-01 (5.4101e-01)	Acc@1 100.00 ( 99.89)	Acc@5 100.00 (100.00)
Epoch: [12][31/40]	Time  0.109 ( 0.294)	Data  0.000 ( 0.184)	Loss 5.3162e-01 (5.3889e-01)	Acc@1 100.00 ( 99.92)	Acc@5 100.00 (100.00)
Test: [1/4]	Time  1.970 ( 1.970)	Loss 2.0331e+00 (2.0331e+00)	Acc@1  31.25 ( 31.25)	Acc@5  78.91 ( 78.91)
 *   Acc@1 33.111 Acc@5 79.333
Test: [1/4]	Time  1.740 ( 1.740)	Loss 2.3976e+00 (2.3976e+00)	Acc@1  26.56 ( 26.56)	Acc@5  70.31 ( 70.31)
 *   Acc@1 25.333 Acc@5 65.778
Epoch: [13][ 1/40]	Time  1.243 ( 1.243)	Data  1.134 ( 1.134)	Loss 5.3352e-01 (5.3352e-01)	Acc@1 100.00 (100.00)	Acc@5 100.00 (100.00)
Epoch: [13][11/40]	Time  0.109 ( 0.305)	Data  0.000 ( 0.196)	Loss 5.2885e-01 (5.3522e-01)	Acc@1 100.00 ( 99.93)	Acc@5 100.00 (100.00)
Epoch: [13][21/40]	Time  0.454 ( 0.278)	Data  0.341 ( 0.168)	Loss 5.4029e-01 (5.3563e-01)	Acc@1 100.00 ( 99.93)	Acc@5 100.00 (100.00)
Epoch: [13][31/40]	Time  0.111 ( 0.248)	Data  0.002 ( 0.137)	Loss 5.3468e-01 (5.3540e-01)	Acc@1 100.00 ( 99.95)	Acc@5 100.00 (100.00)
Test: [1/4]	Time  1.860 ( 1.860)	Loss 1.9082e+00 (1.9082e+00)	Acc@1  33.59 ( 33.59)	Acc@5  78.12 ( 78.12)
 *   Acc@1 36.667 Acc@5 79.111
Test: [1/4]	Time  1.623 ( 1.623)	Loss 2.5133e+00 (2.5133e+00)	Acc@1  23.44 ( 23.44)	Acc@5  63.28 ( 63.28)
 *   Acc@1 22.444 Acc@5 59.333
Epoch: [14][ 1/40]	Time  0.952 ( 0.952)	Data  0.843 ( 0.843)	Loss 5.2986e-01 (5.2986e-01)	Acc@1 100.00 (100.00)	Acc@5 100.00 (100.00)
Epoch: [14][11/40]	Time  0.143 ( 0.279)	Data  0.033 ( 0.170)	Loss 5.5130e-01 (5.4680e-01)	Acc@1 100.00 ( 99.79)	Acc@5 100.00 (100.00)
Epoch: [14][21/40]	Time  0.526 ( 0.296)	Data  0.417 ( 0.186)	Loss 5.4071e-01 (5.4484e-01)	Acc@1  99.22 ( 99.78)	Acc@5 100.00 (100.00)
Epoch: [14][31/40]	Time  0.263 ( 0.292)	Data  0.154 ( 0.182)	Loss 5.3533e-01 (5.4308e-01)	Acc@1 100.00 ( 99.82)	Acc@5 100.00 (100.00)
Test: [1/4]	Time  1.936 ( 1.936)	Loss 2.1188e+00 (2.1188e+00)	Acc@1  30.47 ( 30.47)	Acc@5  71.88 ( 71.88)
 *   Acc@1 31.778 Acc@5 70.667
Test: [1/4]	Time  2.017 ( 2.017)	Loss 2.3446e+00 (2.3446e+00)	Acc@1  29.69 ( 29.69)	Acc@5  61.72 ( 61.72)
 *   Acc@1 27.111 Acc@5 58.000
Epoch: [15][ 1/40]	Time  1.337 ( 1.337)	Data  1.225 ( 1.225)	Loss 5.5174e-01 (5.5174e-01)	Acc@1 100.00 (100.00)	Acc@5 100.00 (100.00)
Epoch: [15][11/40]	Time  0.109 ( 0.345)	Data  0.000 ( 0.234)	Loss 5.5605e-01 (5.6926e-01)	Acc@1 100.00 ( 99.93)	Acc@5 100.00 (100.00)
Epoch: [15][21/40]	Time  0.583 ( 0.316)	Data  0.455 ( 0.205)	Loss 5.4030e-01 (5.6466e-01)	Acc@1 100.00 ( 99.78)	Acc@5 100.00 ( 99.96)
Epoch: [15][31/40]	Time  0.109 ( 0.305)	Data  0.000 ( 0.195)	Loss 5.3453e-01 (5.5825e-01)	Acc@1 100.00 ( 99.85)	Acc@5 100.00 ( 99.97)
Test: [1/4]	Time  2.075 ( 2.075)	Loss 2.0480e+00 (2.0480e+00)	Acc@1  30.47 ( 30.47)	Acc@5  75.78 ( 75.78)
 *   Acc@1 31.556 Acc@5 79.778
Test: [1/4]	Time  2.080 ( 2.080)	Loss 2.3293e+00 (2.3293e+00)	Acc@1  28.12 ( 28.12)	Acc@5  73.44 ( 73.44)
 *   Acc@1 26.444 Acc@5 68.667
Epoch: [16][ 1/40]	Time  1.466 ( 1.466)	Data  1.356 ( 1.356)	Loss 5.2911e-01 (5.2911e-01)	Acc@1 100.00 (100.00)	Acc@5 100.00 (100.00)
Epoch: [16][11/40]	Time  0.109 ( 0.373)	Data  0.000 ( 0.264)	Loss 5.3365e-01 (5.3474e-01)	Acc@1 100.00 (100.00)	Acc@5 100.00 (100.00)
Epoch: [16][21/40]	Time  1.035 ( 0.368)	Data  0.923 ( 0.258)	Loss 5.3552e-01 (5.3500e-01)	Acc@1 100.00 (100.00)	Acc@5 100.00 (100.00)
Epoch: [16][31/40]	Time  0.109 ( 0.348)	Data  0.000 ( 0.239)	Loss 5.3450e-01 (5.3599e-01)	Acc@1 100.00 ( 99.97)	Acc@5 100.00 (100.00)
Test: [1/4]	Time  2.215 ( 2.215)	Loss 2.2463e+00 (2.2463e+00)	Acc@1  28.12 ( 28.12)	Acc@5  75.00 ( 75.00)
 *   Acc@1 26.444 Acc@5 74.222
Test: [1/4]	Time  1.962 ( 1.962)	Loss 2.2592e+00 (2.2592e+00)	Acc@1  32.81 ( 32.81)	Acc@5  71.88 ( 71.88)
 *   Acc@1 29.111 Acc@5 68.000
Epoch: [17][ 1/40]	Time  1.364 ( 1.364)	Data  1.254 ( 1.254)	Loss 5.3265e-01 (5.3265e-01)	Acc@1 100.00 (100.00)	Acc@5 100.00 (100.00)
Epoch: [17][11/40]	Time  0.109 ( 0.366)	Data  0.000 ( 0.256)	Loss 5.2987e-01 (5.3812e-01)	Acc@1 100.00 (100.00)	Acc@5 100.00 (100.00)
Epoch: [17][21/40]	Time  1.000 ( 0.362)	Data  0.891 ( 0.253)	Loss 5.3536e-01 (5.3652e-01)	Acc@1 100.00 (100.00)	Acc@5 100.00 (100.00)
Epoch: [17][31/40]	Time  0.111 ( 0.335)	Data  0.000 ( 0.225)	Loss 5.3525e-01 (5.3693e-01)	Acc@1 100.00 ( 99.97)	Acc@5 100.00 (100.00)
Test: [1/4]	Time  2.095 ( 2.095)	Loss 2.2374e+00 (2.2374e+00)	Acc@1  27.34 ( 27.34)	Acc@5  74.22 ( 74.22)
 *   Acc@1 26.889 Acc@5 74.444
Test: [1/4]	Time  1.860 ( 1.860)	Loss 2.3383e+00 (2.3383e+00)	Acc@1  27.34 ( 27.34)	Acc@5  67.97 ( 67.97)
 *   Acc@1 24.667 Acc@5 64.444
Epoch: [18][ 1/40]	Time  1.411 ( 1.411)	Data  1.300 ( 1.300)	Loss 5.3510e-01 (5.3510e-01)	Acc@1 100.00 (100.00)	Acc@5 100.00 (100.00)
Epoch: [18][11/40]	Time  0.109 ( 0.391)	Data  0.000 ( 0.282)	Loss 5.3058e-01 (5.3768e-01)	Acc@1 100.00 ( 99.93)	Acc@5 100.00 (100.00)
Epoch: [18][21/40]	Time  0.952 ( 0.384)	Data  0.841 ( 0.274)	Loss 5.3210e-01 (5.3747e-01)	Acc@1 100.00 ( 99.89)	Acc@5 100.00 (100.00)
Epoch: [18][31/40]	Time  0.235 ( 0.354)	Data  0.126 ( 0.244)	Loss 5.4073e-01 (5.3655e-01)	Acc@1 100.00 ( 99.90)	Acc@5 100.00 (100.00)
Test: [1/4]	Time  1.955 ( 1.955)	Loss 2.0587e+00 (2.0587e+00)	Acc@1  30.47 ( 30.47)	Acc@5  78.12 ( 78.12)
 *   Acc@1 31.556 Acc@5 80.000
Test: [1/4]	Time  1.742 ( 1.742)	Loss 2.4117e+00 (2.4117e+00)	Acc@1  24.22 ( 24.22)	Acc@5  71.88 ( 71.88)
 *   Acc@1 24.222 Acc@5 65.556
Epoch: [19][ 1/40]	Time  1.058 ( 1.058)	Data  0.948 ( 0.948)	Loss 5.2466e-01 (5.2466e-01)	Acc@1 100.00 (100.00)	Acc@5 100.00 (100.00)
Epoch: [19][11/40]	Time  0.109 ( 0.312)	Data  0.000 ( 0.203)	Loss 5.3309e-01 (5.2909e-01)	Acc@1 100.00 (100.00)	Acc@5 100.00 (100.00)
Epoch: [19][21/40]	Time  0.784 ( 0.308)	Data  0.676 ( 0.199)	Loss 5.2525e-01 (5.3040e-01)	Acc@1 100.00 (100.00)	Acc@5 100.00 (100.00)
Epoch: [19][31/40]	Time  0.109 ( 0.289)	Data  0.000 ( 0.179)	Loss 5.2953e-01 (5.3087e-01)	Acc@1 100.00 ( 99.97)	Acc@5 100.00 (100.00)
Test: [1/4]	Time  1.985 ( 1.985)	Loss 2.4493e+00 (2.4493e+00)	Acc@1  24.22 ( 24.22)	Acc@5  73.44 ( 73.44)
 *   Acc@1 24.222 Acc@5 72.222
